

processing file: M0B-installPackages.Rmd
  |                                                                         |                                                                 |   0%  |                                                                         |.......                                                          |  11%
  ordinary text without R code

  |                                                                         |..............                                                   |  22%
label: Prelims (with options) 
List of 4
 $ include: symbol F
 $ echo   : logi FALSE
 $ results: chr "hide"
 $ message: logi FALSE

  |                                                                         |......................                                           |  33%
  ordinary text without R code

  |                                                                         |.............................                                    |  44%
label: installPAckages (with options) 
List of 1
 $ eval: symbol T

  |                                                                         |....................................                             |  56%
  ordinary text without R code

  |                                                                         |...........................................                      |  67%
label: installGithub (with options) 
List of 1
 $ eval: symbol F

  |                                                                         |...................................................              |  78%
   inline R code fragments

  |                                                                         |..........................................................       |  89%
label: unnamed-chunk-1 (with options) 
List of 1
 $ echo: symbol F


output file: M0B-installPackages.md

